[debug] [2026-07-20T16:20:00.627Z] ----------------------------------------------------------------------
[debug] [2026-07-20T16:20:00.632Z] Command:       C:\Program Files\nodejs\node.exe C:\Users\DELL\AppData\Roaming\npm\node_modules\firebase-tools\lib\bin\firebase.js projects:list
[debug] [2026-07-20T16:20:00.632Z] CLI Version:   14.2.1
[debug] [2026-07-20T16:20:00.632Z] Platform:      win32
[debug] [2026-07-20T16:20:00.632Z] Node Version:  v22.13.1
[debug] [2026-07-20T16:20:00.633Z] Time:          Mon Jul 20 2026 18:20:00 GMT+0200 (South Africa Standard Time)
[debug] [2026-07-20T16:20:00.633Z] ----------------------------------------------------------------------
[debug] 
[debug] [2026-07-20T16:20:00.639Z] >>> [apiv2][query] GET https://firebase-public.firebaseio.com/cli.json [none]
[debug] [2026-07-20T16:20:00.944Z] > command requires scopes: ["email","openid","https://www.googleapis.com/auth/cloudplatformprojects.readonly","https://www.googleapis.com/auth/firebase","https://www.googleapis.com/auth/cloud-platform"]
[debug] [2026-07-20T16:20:00.944Z] > authorizing via signed-in user (demdibouy@gmail.com)
[debug] [2026-07-20T16:20:00.948Z] Checked if tokens are valid: false, expires at: 1750771221602
[debug] [2026-07-20T16:20:00.948Z] Checked if tokens are valid: false, expires at: 1750771221602
[debug] [2026-07-20T16:20:00.948Z] > refreshing access token with scopes: []
[debug] [2026-07-20T16:20:00.949Z] >>> [apiv2][query] POST https://www.googleapis.com/oauth2/v3/token [none]
[debug] [2026-07-20T16:20:00.949Z] >>> [apiv2][body] POST https://www.googleapis.com/oauth2/v3/token [omitted]
[debug] [2026-07-20T16:20:01.769Z] <<< [apiv2][status] GET https://firebase-public.firebaseio.com/cli.json 200
[debug] [2026-07-20T16:20:01.769Z] <<< [apiv2][body] GET https://firebase-public.firebaseio.com/cli.json {"cloudBuildErrorAfter":1594252800000,"cloudBuildWarnAfter":1590019200000,"defaultNode10After":1594252800000,"minVersion":"3.0.5","node8DeploysDisabledAfter":1613390400000,"node8RuntimeDisabledAfter":1615809600000,"node8WarnAfter":1600128000000}
[debug] [2026-07-20T16:20:02.004Z] <<< [apiv2][status] POST https://www.googleapis.com/oauth2/v3/token 400
[debug] [2026-07-20T16:20:02.004Z] <<< [apiv2][body] POST https://www.googleapis.com/oauth2/v3/token [omitted]
[debug] [2026-07-20T16:20:02.005Z] >>> [apiv2][query] GET https://firebase.googleapis.com/v1beta1/projects pageSize=1000
[debug] [2026-07-20T16:20:03.239Z] <<< [apiv2][status] GET https://firebase.googleapis.com/v1beta1/projects 401
[debug] [2026-07-20T16:20:03.240Z] <<< [apiv2][body] GET https://firebase.googleapis.com/v1beta1/projects [omitted]
[debug] [2026-07-20T16:20:03.240Z] Got a 401 Unauthenticated error for a call that required authentication. Refreshing tokens.
[debug] [2026-07-20T16:20:03.240Z] Checked if tokens are valid: false, expires at: 1750771221602
[debug] [2026-07-20T16:20:03.240Z] Checked if tokens are valid: false, expires at: 1750771221602
[debug] [2026-07-20T16:20:03.240Z] > refreshing access token with scopes: []
[debug] [2026-07-20T16:20:03.241Z] >>> [apiv2][query] POST https://www.googleapis.com/oauth2/v3/token [none]
[debug] [2026-07-20T16:20:03.241Z] >>> [apiv2][body] POST https://www.googleapis.com/oauth2/v3/token [omitted]
[debug] [2026-07-20T16:20:03.526Z] <<< [apiv2][status] POST https://www.googleapis.com/oauth2/v3/token 400
[debug] [2026-07-20T16:20:03.526Z] <<< [apiv2][body] POST https://www.googleapis.com/oauth2/v3/token [omitted]
[debug] [2026-07-20T16:20:03.527Z] Request to https://firebase.googleapis.com/v1beta1/projects?pageSize=1000 had HTTP Error: 401, Request had invalid authentication credentials. Expected OAuth 2 access token, login cookie or other valid authentication credential. See https://developers.google.com/identity/sign-in/web/devconsole-project.
[debug] [2026-07-20T16:20:04.558Z] FirebaseError: Request to https://firebase.googleapis.com/v1beta1/projects?pageSize=1000 had HTTP Error: 401, Request had invalid authentication credentials. Expected OAuth 2 access token, login cookie or other valid authentication credential. See https://developers.google.com/identity/sign-in/web/devconsole-project.
    at responseToError (C:\Users\DELL\AppData\Roaming\npm\node_modules\firebase-tools\lib\responseToError.js:52:12)
    at RetryOperation._fn (C:\Users\DELL\AppData\Roaming\npm\node_modules\firebase-tools\lib\apiv2.js:312:77)
    at process.processTicksAndRejections (node:internal/process/task_queues:105:5)
[error] 
[error] Error: Failed to list Firebase projects. See firebase-debug.log for more info.
